============================= test session starts =============================
platform win32 -- Python 3.10.11, pytest-9.1.1, pluggy-1.6.0
rootdir: C:\MAJOR-PROJECT-2026-2027
plugins: anyio-4.12.1, langsmith-0.8.3
collected 18 items

tests\test_end_to_end.py ....                                            [ 22%]
tests\test_privacy.py .........                                          [ 72%]
tests\test_real_pipeline.py .....                                        [100%]

============================== warnings summary ===============================
<frozen importlib._bootstrap>:241
  <frozen importlib._bootstrap>:241: DeprecationWarning: builtin type SwigPyPacked has no __module__ attribute

<frozen importlib._bootstrap>:241
  <frozen importlib._bootstrap>:241: DeprecationWarning: builtin type SwigPyObject has no __module__ attribute

-- Docs: https://docs.pytest.org/en/stable/how-to/capture-warnings.html
======================= 18 passed, 2 warnings in 14.77s =======================

sys:1: DeprecationWarning: builtin type swigvarlink has no __module__ attribute
